SF:lib\src\Network\network.dart
DA:6,2
DA:11,2
DA:16,1
DA:17,3
DA:18,0
LF:5
LH:4
end_of_record
SF:lib\src\Features\feature_data_source.dart
DA:11,2
DA:18,2
DA:19,12
DA:20,8
DA:21,2
DA:22,2
DA:29,2
DA:30,2
DA:34,2
DA:35,6
LF:10
LH:10
end_of_record
SF:lib\src\Features\features_view_model.dart
DA:5,2
DA:13,2
DA:15,6
DA:16,6
DA:17,2
DA:19,0
LF:6
LH:5
end_of_record
SF:lib\src\model\context.dart
DA:7,2
LF:1
LH:1
end_of_record
SF:lib\src\Helper\tuples.dart
DA:16,1
DA:19,1
DA:20,2
DA:21,0
DA:24,3
DA:28,0
DA:31,0
DA:37,0
DA:38,0
DA:40,1
DA:41,3
DA:43,0
DA:45,0
DA:47,0
DA:48,0
DA:63,0
DA:66,0
DA:67,0
DA:68,0
DA:71,0
DA:75,0
DA:78,0
DA:81,0
DA:87,0
DA:88,0
DA:90,0
DA:91,0
DA:93,0
DA:95,0
DA:96,0
DA:97,0
DA:98,0
DA:100,0
DA:101,0
LF:34
LH:6
end_of_record
SF:lib\src\model\experiment.dart
DA:6,0
DA:45,0
DA:50,0
LF:3
LH:0
end_of_record
SF:lib\src\model\features.dart
DA:6,2
DA:18,2
DA:19,2
DA:20,2
DA:21,2
DA:22,4
DA:23,4
DA:27,2
DA:34,2
DA:69,2
DA:70,2
DA:71,2
DA:72,4
DA:73,2
DA:74,8
DA:76,2
DA:77,2
DA:78,4
DA:80,2
DA:81,2
DA:87,3
DA:103,1
LF:22
LH:22
end_of_record
SF:lib\src\Utils\extension.dart
DA:12,0
DA:15,2
DA:18,0
DA:21,0
DA:24,0
DA:27,0
DA:30,0
DA:33,0
DA:37,1
DA:38,2
DA:39,3
DA:44,1
DA:45,1
DA:46,2
LF:14
LH:7
end_of_record
SF:lib\src\Utils\gb_utils.dart
DA:11,1
DA:12,1
DA:13,2
DA:14,4
DA:15,5
DA:33,1
DA:34,2
DA:35,2
DA:36,2
DA:41,0
DA:42,0
DA:44,0
DA:51,1
DA:52,1
DA:54,1
DA:55,2
DA:63,1
DA:68,1
DA:72,2
DA:73,1
DA:77,1
DA:78,2
DA:79,2
DA:80,1
DA:85,2
DA:87,1
DA:88,1
DA:89,1
DA:90,4
DA:92,1
DA:97,1
DA:99,2
DA:100,4
DA:103,1
DA:105,1
DA:109,0
LF:36
LH:32
end_of_record
SF:lib\src\Utils\growth_book_logger.dart
DA:3,2
DA:4,2
LF:2
LH:2
end_of_record
SF:lib\src\Utils\map_utils.dart
DA:2,0
DA:4,0
DA:8,0
DA:10,0
LF:4
LH:0
end_of_record
SF:lib\src\Features\features_model.dart
DA:5,2
DA:8,2
DA:9,2
DA:10,6
DA:11,2
DA:13,2
LF:6
LH:6
end_of_record
SF:lib\growth_book.dart
DA:12,1
DA:18,1
DA:33,1
DA:34,1
DA:39,1
DA:40,1
DA:48,1
DA:53,1
DA:58,1
DA:63,1
DA:65,1
DA:66,1
DA:67,1
DA:68,1
DA:69,1
DA:70,1
DA:71,1
DA:72,1
DA:74,2
DA:78,1
DA:79,1
DA:88,1
DA:94,1
DA:96,0
DA:98,1
DA:106,2
DA:108,0
DA:112,1
DA:114,2
DA:117,1
DA:118,1
DA:120,3
DA:122,4
DA:123,1
DA:124,0
DA:129,1
DA:130,3
LF:37
LH:34
end_of_record
SF:lib\src\Evaluator\feature_evaluator.dart
DA:14,1
DA:16,2
DA:18,1
DA:25,0
DA:28,0
DA:29,0
DA:33,0
DA:34,0
DA:35,0
DA:37,0
DA:44,0
DA:46,0
DA:49,0
DA:55,0
DA:57,0
DA:58,0
DA:64,0
DA:65,0
DA:72,0
DA:73,0
DA:74,0
DA:75,0
DA:77,0
DA:78,0
DA:79,0
DA:82,0
DA:83,0
DA:84,0
DA:85,0
DA:86,0
DA:99,0
DA:100,0
DA:105,0
DA:114,1
DA:120,0
DA:121,0
DA:122,0
DA:124,1
LF:38
LH:5
end_of_record
SF:lib\src\Evaluator\condition_evaluator.dart
DA:10,1
DA:39,0
DA:40,0
DA:44,0
DA:46,0
DA:50,0
DA:52,0
DA:56,0
DA:58,0
DA:62,0
DA:64,0
DA:67,0
DA:68,0
DA:69,0
DA:70,0
DA:80,0
DA:83,0
DA:87,0
DA:89,0
DA:99,0
DA:103,0
DA:105,0
DA:114,0
DA:116,0
DA:117,0
DA:118,0
DA:119,0
DA:132,0
DA:134,0
DA:135,0
DA:139,0
DA:142,0
DA:145,0
DA:149,0
DA:153,0
DA:157,0
DA:161,0
DA:170,0
DA:171,0
DA:173,0
DA:174,0
DA:176,0
DA:180,0
DA:184,0
DA:185,0
DA:195,0
DA:198,0
DA:199,0
DA:200,0
DA:205,0
DA:206,0
DA:207,0
DA:208,0
DA:209,0
DA:210,0
DA:222,0
DA:223,0
DA:224,0
DA:225,0
DA:229,0
DA:230,0
DA:236,0
DA:249,0
DA:250,0
DA:252,0
DA:253,0
DA:255,0
DA:258,0
DA:264,0
DA:277,0
DA:280,0
DA:281,0
DA:282,0
DA:285,0
DA:286,0
DA:289,0
DA:290,0
DA:291,0
DA:293,0
DA:299,0
DA:300,0
DA:302,0
DA:303,0
DA:307,0
DA:308,0
DA:311,0
DA:312,0
DA:313,0
DA:318,0
DA:320,0
DA:321,0
DA:322,0
DA:323,0
DA:343,0
DA:344,0
DA:348,0
DA:349,0
DA:353,0
DA:354,0
DA:362,0
DA:369,0
DA:370,0
DA:373,0
DA:374,0
DA:377,0
DA:378,0
DA:379,0
DA:380,0
DA:382,0
DA:383,0
DA:386,0
DA:387,0
DA:388,0
DA:389,0
DA:391,0
DA:392,0
DA:395,0
DA:396,0
DA:397,0
DA:398,0
DA:400,0
DA:401,0
DA:403,0
DA:404,0
DA:405,0
DA:406,0
DA:408,0
DA:409,0
DA:410,0
DA:412,0
DA:413,0
LF:131
LH:1
end_of_record
SF:lib\src\Evaluator\experiment_evaluator.dart
DA:13,0
DA:20,0
DA:21,0
DA:25,0
DA:27,0
DA:34,0
DA:35,0
DA:40,0
DA:42,0
DA:56,0
DA:57,0
DA:58,0
DA:59,0
DA:60,0
DA:65,0
DA:68,0
DA:69,0
DA:72,0
DA:73,0
DA:76,0
DA:78,0
DA:87,0
DA:88,0
DA:89,0
DA:93,0
DA:98,0
DA:104,0
DA:112,0
DA:113,0
DA:114,0
DA:123,0
DA:124,0
DA:125,0
DA:130,0
DA:132,0
DA:134,0
LF:36
LH:0
end_of_record
