SF:lib/src/model/experiment.dart
DA:6,2
DA:18,4
DA:19,2
DA:20,2
DA:21,2
DA:22,2
DA:23,2
DA:24,2
DA:25,2
DA:26,2
DA:27,2
DA:57,4
DA:62,2
LF:13
LH:13
end_of_record
SF:lib/src/model/features.dart
DA:10,3
DA:22,3
DA:23,3
DA:24,3
DA:25,3
DA:26,6
DA:27,6
DA:31,3
DA:39,3
DA:74,3
DA:75,3
DA:76,3
DA:77,3
DA:78,6
DA:79,3
DA:80,12
DA:82,3
DA:83,3
DA:84,6
DA:86,3
DA:87,3
DA:94,6
DA:114,2
LF:23
LH:23
end_of_record
SF:lib/src/Evaluator/condition_evaluator.dart
DA:13,6
DA:49,3
DA:50,3
DA:54,3
DA:56,1
DA:60,3
DA:62,1
DA:66,3
DA:68,1
DA:72,3
DA:74,1
DA:77,6
DA:78,3
DA:79,3
DA:81,3
DA:92,1
DA:94,1
DA:98,2
DA:101,1
DA:111,1
DA:115,2
DA:118,1
DA:128,2
DA:130,2
DA:131,4
DA:132,4
DA:133,2
DA:146,1
DA:153,1
DA:154,1
DA:156,2
DA:163,1
DA:167,1
DA:176,3
DA:177,3
DA:179,3
DA:180,1
DA:182,3
DA:186,6
DA:187,3
DA:190,3
DA:191,3
DA:201,3
DA:204,3
DA:205,3
DA:206,3
DA:211,2
DA:212,1
DA:213,3
DA:214,1
DA:224,2
DA:225,2
DA:226,4
DA:229,2
DA:230,2
DA:235,1
DA:236,1
DA:238,1
DA:251,1
DA:253,1
DA:254,2
DA:256,1
DA:259,1
DA:265,1
DA:277,2
DA:280,2
DA:281,3
DA:284,2
DA:285,1
DA:288,2
DA:289,2
DA:291,2
DA:298,2
DA:300,2
DA:301,2
DA:305,1
DA:306,1
DA:309,1
DA:310,1
DA:317,2
DA:319,2
DA:320,1
DA:337,1
DA:341,1
DA:342,1
DA:346,1
DA:347,1
DA:349,1
DA:354,1
DA:355,1
DA:358,1
DA:359,2
DA:362,2
DA:363,1
DA:364,1
DA:368,1
DA:373,1
DA:374,1
DA:377,1
DA:378,1
DA:381,1
DA:382,1
DA:385,1
DA:386,1
DA:389,1
DA:390,1
DA:392,1
DA:393,1
DA:395,1
DA:397,2
DA:398,2
LF:111
LH:111
end_of_record
SF:lib/src/Utils/growth_book_logger.dart
DA:3,6
DA:4,6
LF:2
LH:2
end_of_record
SF:lib/src/Network/network.dart
DA:7,2
DA:12,2
DA:17,1
DA:19,3
DA:20,0
DA:22,0
LF:6
LH:4
end_of_record
SF:lib/src/Features/feature_data_source.dart
DA:11,2
DA:17,2
DA:18,12
DA:19,10
DA:20,2
DA:21,2
DA:28,2
DA:29,2
DA:33,2
DA:34,6
LF:10
LH:10
end_of_record
SF:lib/src/Features/features_view_model.dart
DA:5,2
DA:13,2
DA:15,6
DA:16,6
DA:17,2
LF:5
LH:5
end_of_record
SF:lib/src/model/context.dart
DA:7,4
LF:1
LH:1
end_of_record
SF:lib/src/Features/features_model.dart
DA:5,2
DA:8,2
DA:9,2
DA:10,6
DA:11,2
DA:13,2
LF:6
LH:6
end_of_record
SF:lib/src/Utils/gb_utils.dart
DA:11,3
DA:12,3
DA:13,6
DA:14,12
DA:15,15
DA:33,3
DA:34,6
DA:35,6
DA:36,6
DA:41,3
DA:42,12
DA:44,12
DA:51,3
DA:52,3
DA:54,3
DA:55,6
DA:63,3
DA:68,3
DA:72,6
DA:73,1
DA:77,3
DA:78,6
DA:79,6
DA:80,1
DA:85,6
DA:87,3
DA:88,3
DA:89,3
DA:90,12
DA:92,3
DA:97,3
DA:99,6
DA:100,12
DA:103,3
DA:105,3
DA:109,3
DA:110,6
DA:111,3
DA:112,3
DA:113,3
DA:116,9
DA:117,6
LF:42
LH:42
end_of_record
SF:lib/src/growth_book_sdk.dart
DA:16,1
DA:22,1
DA:37,1
DA:38,1
DA:43,1
DA:44,1
DA:52,1
DA:57,1
DA:62,1
DA:67,1
DA:69,1
DA:70,1
DA:71,1
DA:72,1
DA:73,1
DA:74,1
DA:75,1
DA:76,1
DA:78,2
DA:82,1
DA:83,1
DA:94,1
DA:100,1
DA:101,1
DA:103,0
DA:105,3
DA:106,1
DA:115,2
DA:117,0
DA:119,0
DA:123,1
DA:125,2
DA:126,1
DA:127,0
DA:128,0
DA:132,1
DA:133,1
DA:135,1
DA:136,1
DA:137,1
DA:138,0
DA:139,0
DA:142,2
DA:145,1
DA:146,3
LF:45
LH:38
end_of_record
SF:lib/src/Helper/state_helper.dart
DA:4,1
LF:1
LH:1
end_of_record
SF:lib/src/Evaluator/feature_evaluator.dart
DA:15,2
DA:18,4
DA:20,2
DA:27,1
DA:30,1
DA:31,2
DA:35,1
DA:36,1
DA:37,1
DA:38,2
DA:44,1
DA:46,1
DA:47,1
DA:48,2
DA:50,1
DA:54,3
DA:57,2
DA:62,1
DA:63,1
DA:67,1
DA:68,1
DA:69,2
DA:70,1
DA:71,1
DA:72,1
DA:73,1
DA:74,1
DA:76,1
DA:77,1
DA:78,1
DA:79,1
DA:80,1
DA:93,1
DA:94,1
DA:100,2
DA:106,2
DA:107,2
DA:108,2
DA:110,2
LF:39
LH:39
end_of_record
SF:lib/src/Evaluator/experiment_evaluator.dart
DA:13,2
DA:21,8
DA:22,2
DA:27,6
DA:29,1
DA:37,2
DA:38,1
DA:44,6
DA:45,4
DA:46,2
DA:51,2
DA:52,6
DA:53,2
DA:54,4
DA:55,2
DA:61,2
DA:62,1
DA:63,1
DA:64,2
DA:65,1
DA:70,2
DA:73,2
DA:74,8
DA:77,2
DA:78,2
DA:82,4
DA:83,4
DA:85,2
DA:86,2
DA:87,8
DA:88,2
DA:89,0
DA:91,8
DA:94,4
DA:97,4
DA:98,2
DA:103,2
DA:105,1
DA:114,2
DA:115,1
DA:118,2
DA:124,4
DA:130,2
DA:138,2
DA:139,2
DA:140,6
DA:149,2
DA:150,4
DA:151,4
DA:156,2
DA:158,4
DA:160,2
LF:52
LH:51
end_of_record
